[    0.000000] Initializing cgroup subsys cpuset
[    0.000000] Initializing cgroup subsys cpu
[    0.000000] Initializing cgroup subsys cpuacct
[    0.000000] Linux version 4.4.0-96-generic (buildd@lgw01-10) (gcc version 5.4.0 20160609 (Ubuntu 5.4.0-6ubuntu1~16.04.4) ) #119-Ubuntu SMP Tue Sep 12 14:59:54 UTC 2017 (Ubuntu 4.4.0-96.119-generic 4.4.83)
[    0.000000] Command line: BOOT_IMAGE=/boot/vmlinuz-4.4.0-96-generic root=LABEL=cloudimg-rootfs ro console=tty1 console=ttyS0
[    0.000000] KERNEL supported cpus:
[    0.000000]   Intel GenuineIntel
[    0.000000]   AMD AuthenticAMD
[    0.000000]   Centaur CentaurHauls
[    0.000000] x86/fpu: xstate_offset[2]:  576, xstate_sizes[2]:  256
[    0.000000] x86/fpu: Supporting XSAVE feature 0x01: 'x87 floating point registers'
[    0.000000] x86/fpu: Supporting XSAVE feature 0x02: 'SSE registers'
[    0.000000] x86/fpu: Supporting XSAVE feature 0x04: 'AVX registers'
[    0.000000] x86/fpu: Enabled xstate features 0x7, context size is 832 bytes, using 'standard' format.
[    0.000000] x86/fpu: Using 'lazy' FPU context switches.
[    0.000000] e820: BIOS-provided physical RAM map:
[    0.000000] BIOS-e820: [mem 0x0000000000000000-0x000000000009fbff] usable
[    0.000000] BIOS-e820: [mem 0x000000000009fc00-0x000000000009ffff] reserved
[    0.000000] BIOS-e820: [mem 0x00000000000f0000-0x00000000000fffff] reserved
[    0.000000] BIOS-e820: [mem 0x0000000000100000-0x000000003ffeffff] usable
[    0.000000] BIOS-e820: [mem 0x000000003fff0000-0x000000003fffffff] ACPI data
[    0.000000] BIOS-e820: [mem 0x00000000fec00000-0x00000000fec00fff] reserved
[    0.000000] BIOS-e820: [mem 0x00000000fee00000-0x00000000fee00fff] reserved
[    0.000000] BIOS-e820: [mem 0x00000000fffc0000-0x00000000ffffffff] reserved
[    0.000000] NX (Execute Disable) protection: active
[    0.000000] SMBIOS 2.5 present.
[    0.000000] Hypervisor detected: KVM
[    0.000000] e820: last_pfn = 0x3fff0 max_arch_pfn = 0x400000000
[    0.000000] MTRR: Disabled
[    0.000000] x86/PAT: MTRRs disabled, skipping PAT initialization too.
[    0.000000] CPU MTRRs all blank - virtualized system.
[    0.000000] x86/PAT: Configuration [0-7]: WB  WT  UC- UC  WB  WT  UC- UC  
[    0.000000] found SMP MP-table at [mem 0x0009fff0-0x0009ffff] mapped at [ffff88000009fff0]
[    0.000000] Scanning 1 areas for low memory corruption
[    0.000000] RAMDISK: [mem 0x36ac6000-0x3755afff]
[    0.000000] ACPI: Early table checksum verification disabled
[    0.000000] ACPI: RSDP 0x00000000000E0000 000024 (v02 VBOX  )
[    0.000000] ACPI: XSDT 0x000000003FFF0030 00003C (v01 VBOX   VBOXXSDT 00000001 ASL  00000061)
[    0.000000] ACPI: FACP 0x000000003FFF00F0 0000F4 (v04 VBOX   VBOXFACP 00000001 ASL  00000061)
[    0.000000] ACPI: DSDT 0x000000003FFF0470 0021FF (v02 VBOX   VBOXBIOS 00000002 INTL 20160108)
[    0.000000] ACPI: FACS 0x000000003FFF0200 000040
[    0.000000] ACPI: FACS 0x000000003FFF0200 000040
[    0.000000] ACPI: APIC 0x000000003FFF0240 00005C (v02 VBOX   VBOXAPIC 00000001 ASL  00000061)
[    0.000000] ACPI: SSDT 0x000000003FFF02A0 0001CC (v01 VBOX   VBOXCPUT 00000002 INTL 20160108)
[    0.000000] No NUMA configuration found
[    0.000000] Faking a node at [mem 0x0000000000000000-0x000000003ffeffff]
[    0.000000] NODE_DATA(0) allocated [mem 0x3ffeb000-0x3ffeffff]
[    0.000000] kvm-clock: Using msrs 4b564d01 and 4b564d00
[    0.000000] kvm-clock: cpu 0, msr 0:3ffe3001, primary cpu clock
[    0.000000] kvm-clock: using sched offset of 3335331750 cycles
[    0.000000] clocksource: kvm-clock: mask: 0xffffffffffffffff max_cycles: 0x1cd42e4dffb, max_idle_ns: 881590591483 ns
[    0.000000] Zone ranges:
[    0.000000]   DMA      [mem 0x0000000000001000-0x0000000000ffffff]
[    0.000000]   DMA32    [mem 0x0000000001000000-0x000000003ffeffff]
[    0.000000]   Normal   empty
[    0.000000]   Device   empty
[    0.000000] Movable zone start for each node
[    0.000000] Early memory node ranges
[    0.000000]   node   0: [mem 0x0000000000001000-0x000000000009efff]
[    0.000000]   node   0: [mem 0x0000000000100000-0x000000003ffeffff]
[    0.000000] Initmem setup node 0 [mem 0x0000000000001000-0x000000003ffeffff]
[    0.000000] ACPI: PM-Timer IO Port: 0x4008
[    0.000000] IOAPIC[0]: apic_id 2, version 32, address 0xfec00000, GSI 0-23
[    0.000000] ACPI: INT_SRC_OVR (bus 0 bus_irq 0 global_irq 2 dfl dfl)
[    0.000000] ACPI: INT_SRC_OVR (bus 0 bus_irq 9 global_irq 9 high level)
[    0.000000] Using ACPI (MADT) for SMP configuration information
[    0.000000] smpboot: Allowing 2 CPUs, 0 hotplug CPUs
[    0.000000] PM: Registered nosave memory: [mem 0x00000000-0x00000fff]
[    0.000000] PM: Registered nosave memory: [mem 0x0009f000-0x0009ffff]
[    0.000000] PM: Registered nosave memory: [mem 0x000a0000-0x000effff]
[    0.000000] PM: Registered nosave memory: [mem 0x000f0000-0x000fffff]
[    0.000000] e820: [mem 0x40000000-0xfebfffff] available for PCI devices
[    0.000000] Booting paravirtualized kernel on KVM
[    0.000000] clocksource: refined-jiffies: mask: 0xffffffff max_cycles: 0xffffffff, max_idle_ns: 7645519600211568 ns
[    0.000000] setup_percpu: NR_CPUS:512 nr_cpumask_bits:512 nr_cpu_ids:2 nr_node_ids:1
[    0.000000] PERCPU: Embedded 34 pages/cpu @ffff88003fc00000 s98328 r8192 d32744 u1048576
[    0.000000] PV qspinlock hash table entries: 256 (order: 0, 4096 bytes)
[    0.000000] Built 1 zonelists in Node order, mobility grouping on.  Total pages: 257913
[    0.000000] Policy zone: DMA32
[    0.000000] Kernel command line: BOOT_IMAGE=/boot/vmlinuz-4.4.0-96-generic root=LABEL=cloudimg-rootfs ro console=tty1 console=ttyS0
[    0.000000] PID hash table entries: 4096 (order: 3, 32768 bytes)
[    0.000000] Memory: 1001728K/1048120K available (8479K kernel code, 1294K rwdata, 3984K rodata, 1492K init, 1316K bss, 46392K reserved, 0K cma-reserved)
[    0.000000] SLUB: HWalign=64, Order=0-3, MinObjects=0, CPUs=2, Nodes=1
[    0.000000] Hierarchical RCU implementation.
[    0.000000] 	Build-time adjustment of leaf fanout to 64.
[    0.000000] 	RCU restricting CPUs from NR_CPUS=512 to nr_cpu_ids=2.
[    0.000000] RCU: Adjusting geometry for rcu_fanout_leaf=64, nr_cpu_ids=2
[    0.000000] NR_IRQS:33024 nr_irqs:440 16
[    0.000000] Console: colour VGA+ 80x25
[    0.000000] console [tty1] enabled
[    0.000000] console [ttyS0] enabled
[    0.000000] tsc: Detected 2394.456 MHz processor
[    0.604692] Calibrating delay loop (skipped) preset value.. 4788.91 BogoMIPS (lpj=9577824)
[    0.607209] pid_max: default: 32768 minimum: 301
[    0.608049] ACPI: Core revision 20150930
[    0.609623] ACPI: 2 ACPI AML tables successfully acquired and loaded
[    0.612219] Security Framework initialized
[    0.612908] Yama: becoming mindful.
[    0.613607] AppArmor: AppArmor initialized
[    0.616631] Dentry cache hash table entries: 131072 (order: 8, 1048576 bytes)
[    0.617858] Inode-cache hash table entries: 65536 (order: 7, 524288 bytes)
[    0.620027] Mount-cache hash table entries: 2048 (order: 2, 16384 bytes)
[    0.628229] Mountpoint-cache hash table entries: 2048 (order: 2, 16384 bytes)
[    0.629433] Initializing cgroup subsys io
[    0.635470] Initializing cgroup subsys memory
[    0.636195] Initializing cgroup subsys devices
[    0.636944] Initializing cgroup subsys freezer
[    0.637723] Initializing cgroup subsys net_cls
[    0.638471] Initializing cgroup subsys perf_event
[    0.639249] Initializing cgroup subsys net_prio
[    0.640034] Initializing cgroup subsys hugetlb
[    0.640762] Initializing cgroup subsys pids
[    0.641573] CPU: Physical Processor ID: 0
[    0.642314] CPU: Processor Core ID: 0
[    0.643910] mce: CPU supports 0 MCE banks
[    0.644605] Last level iTLB entries: 4KB 64, 2MB 8, 4MB 8
[    0.645441] Last level dTLB entries: 4KB 64, 2MB 0, 4MB 0, 1GB 4
[    0.648083] Freeing SMP alternatives memory: 32K
[    0.656164] ftrace: allocating 32146 entries in 126 pages
[    0.697825] smpboot: APIC(0) Converting physical 0 to logical package 0
[    0.704117] smpboot: Max logical packages: 1
[    0.705075] x2apic enabled
[    0.705837] Switched APIC routing to physical x2apic.
[    0.708748] ..TIMER: vector=0x30 apic1=0 pin1=2 apic2=-1 pin2=-1
[    0.815664] smpboot: CPU0: Intel(R) Core(TM) i7-5500U CPU @ 2.40GHz (family: 0x6, model: 0x3d, stepping: 0x4)
[    0.829804] Performance Events: unsupported p6 CPU model 61 no PMU driver, software events only.
[    0.836696] KVM setup paravirtual spinlock
[    0.838623] x86: Booting SMP configuration:
[    0.844967] .... node  #0, CPUs:      #1
[    0.845858] kvm-clock: cpu 1, msr 0:3ffe3041, secondary cpu clock
[    0.860842] mce: CPU supports 0 MCE banks
[    0.863837] x86: Booted up 1 node, 2 CPUs
[    0.871574] smpboot: Total of 2 processors activated (9577.82 BogoMIPS)
[    0.878426] devtmpfs: initialized
[    0.887773] evm: security.selinux
[    0.896392] evm: security.SMACK64
[    0.906938] evm: security.SMACK64EXEC
[    0.907893] evm: security.SMACK64TRANSMUTE
[    0.908881] evm: security.SMACK64MMAP
[    0.909718] evm: security.ima
[    0.918284] evm: security.capability
[    0.927816] clocksource: jiffies: mask: 0xffffffff max_cycles: 0xffffffff, max_idle_ns: 7645041785100000 ns
[    0.936603] futex hash table entries: 512 (order: 3, 32768 bytes)
[    0.937621] pinctrl core: initialized pinctrl subsystem
[    0.949882] RTC time: 14:46:03, date: 09/25/17
[    0.952469] NET: Registered protocol family 16
[    0.971351] cpuidle: using governor ladder
[    1.003414] cpuidle: using governor menu
[    1.017176] PCCT header not found.
[    1.018007] ACPI: bus type PCI registered
[    1.018702] acpiphp: ACPI Hot Plug PCI Controller Driver version: 0.5
[    1.019967] PCI: Using configuration type 1 for base access
[    1.035986] ACPI: Added _OSI(Module Device)
[    1.053040] ACPI: Added _OSI(Processor Device)
[    1.067350] ACPI: Added _OSI(3.0 _SCP Extensions)
[    1.068077] ACPI: Added _OSI(Processor Aggregator Device)
[    1.069474] ACPI: Executed 1 blocks of module-level executable AML code
[    1.084009] ACPI: Interpreter enabled
[    1.087171] ACPI: (supports S0 S5)
[    1.087775] ACPI: Using IOAPIC for interrupt routing
[    1.088658] PCI: Using host bridge windows from ACPI; if necessary, use "pci=nocrs" and report a bug
[    1.093002] ACPI: PCI Root Bridge [PCI0] (domain 0000 [bus 00-ff])
[    1.104904] acpi PNP0A03:00: _OSC: OS supports [ASPM ClockPM Segments MSI]
[    1.105995] acpi PNP0A03:00: _OSC: not requesting OS control; OS requires [ExtendedConfig ASPM ClockPM MSI]
[    1.107608] acpi PNP0A03:00: fail to add MMCONFIG information, can't access extended PCI configuration space under this bridge.
[    1.110273] PCI host bridge to bus 0000:00
[    1.117655] pci_bus 0000:00: root bus resource [io  0x0000-0x0cf7 window]
[    1.118681] pci_bus 0000:00: root bus resource [io  0x0d00-0xffff window]
[    1.168026] pci_bus 0000:00: root bus resource [mem 0x000a0000-0x000bffff window]
[    1.169189] pci_bus 0000:00: root bus resource [mem 0x40000000-0xffdfffff window]
[    1.184648] pci_bus 0000:00: root bus resource [bus 00-ff]
[    1.215596] pci 0000:00:01.1: legacy IDE quirk: reg 0x10: [io  0x01f0-0x01f7]
[    1.253678] pci 0000:00:01.1: legacy IDE quirk: reg 0x14: [io  0x03f6]
[    1.254685] pci 0000:00:01.1: legacy IDE quirk: reg 0x18: [io  0x0170-0x0177]
[    1.257137] pci 0000:00:01.1: legacy IDE quirk: reg 0x1c: [io  0x0376]
[    1.321950] pci 0000:00:07.0: quirk: [io  0x4000-0x403f] claimed by PIIX4 ACPI
[    1.334913] pci 0000:00:07.0: quirk: [io  0x4100-0x410f] claimed by PIIX4 SMB
[    1.370233] ACPI: PCI Interrupt Link [LNKA] (IRQs 5 9 10 *11)
[    1.398996] ACPI: PCI Interrupt Link [LNKB] (IRQs 5 9 10 *11)
[    1.414218] ACPI: PCI Interrupt Link [LNKC] (IRQs 5 9 *10 11)
[    1.431921] ACPI: PCI Interrupt Link [LNKD] (IRQs 5 *9 10 11)
[    1.443956] ACPI: Enabled 2 GPEs in block 00 to 07
[    1.445665] vgaarb: setting as boot device: PCI:0000:00:02.0
[    1.452859] vgaarb: device added: PCI:0000:00:02.0,decodes=io+mem,owns=io+mem,locks=none
[    1.456532] vgaarb: loaded
[    1.460650] vgaarb: bridge control possible 0000:00:02.0
[    1.463273] SCSI subsystem initialized
[    1.469972] ACPI: bus type USB registered
[    1.477894] usbcore: registered new interface driver usbfs
[    1.481025] usbcore: registered new interface driver hub
[    1.482235] usbcore: registered new device driver usb
[    1.484268] PCI: Using ACPI for IRQ routing
[    1.488740] NetLabel: Initializing
[    1.496367] NetLabel:  domain hash size = 128
[    1.497401] NetLabel:  protocols = UNLABELED CIPSOv4
[    1.503924] NetLabel:  unlabeled traffic allowed by default
[    1.513367] amd_nb: Cannot enumerate AMD northbridges
[    1.516528] clocksource: Switched to clocksource kvm-clock
[    1.525717] AppArmor: AppArmor Filesystem Enabled
[    1.547553] pnp: PnP ACPI init
[    1.565270] pnp: PnP ACPI: found 3 devices
[    1.616796] clocksource: acpi_pm: mask: 0xffffff max_cycles: 0xffffff, max_idle_ns: 2085701024 ns
[    1.629537] NET: Registered protocol family 2
[    1.678594] TCP established hash table entries: 8192 (order: 4, 65536 bytes)
[    1.694198] TCP bind hash table entries: 8192 (order: 5, 131072 bytes)
[    1.695213] TCP: Hash tables configured (established 8192 bind 8192)
[    1.696199] UDP hash table entries: 512 (order: 2, 16384 bytes)
[    1.697128] UDP-Lite hash table entries: 512 (order: 2, 16384 bytes)
[    1.699213] NET: Registered protocol family 1
[    1.699973] pci 0000:00:00.0: Limiting direct PCI/PCI transfers
[    1.700931] pci 0000:00:01.0: Activating ISA DMA hang workarounds
[    1.708268] Unpacking initramfs...
[    3.748361] Freeing initrd memory: 10836K
[    3.760078] RAPL PMU detected, API unit is 2^-32 Joules, 4 fixed counters 10737418240 ms ovfl timer
[    3.770903] hw unit of domain pp0-core 2^-0 Joules
[    3.773603] hw unit of domain package 2^-0 Joules
[    3.775498] hw unit of domain dram 2^-0 Joules
[    3.776248] hw unit of domain pp1-gpu 2^-0 Joules
[    3.777213] platform rtc_cmos: registered platform RTC device (no PNP device found)
[    3.781885] Scanning for low memory corruption every 60 seconds
[    3.785595] audit: initializing netlink subsys (disabled)
[    3.789794] audit: type=2000 audit(1506350769.592:1): initialized
[    3.797896] Initialise system trusted keyring
[    3.799928] HugeTLB registered 2 MB page size, pre-allocated 0 pages
[    3.802343] zbud: loaded
[    3.810420] VFS: Disk quotas dquot_6.6.0
[    3.816797] VFS: Dquot-cache hash table entries: 512 (order 0, 4096 bytes)
[    3.832819] squashfs: version 4.0 (2009/01/31) Phillip Lougher
[    3.843258] fuse init (API version 7.23)
[    3.849461] Key type big_key registered
[    3.852494] Allocating IMA MOK and blacklist keyrings.
[    3.854521] Key type asymmetric registered
[    3.865206] Asymmetric key parser 'x509' registered
[    3.870321] Block layer SCSI generic (bsg) driver version 0.4 loaded (major 249)
[    3.888143] io scheduler noop registered
[    3.899477] io scheduler deadline registered (default)
[    3.900349] io scheduler cfq registered
[    3.901131] pci_hotplug: PCI Hot Plug PCI Core version: 0.5
[    3.902080] pciehp: PCI Express Hot Plug Controller Driver version: 0.4
[    3.903188] ACPI: AC Adapter [AC] (on-line)
[    3.904020] input: Power Button as /devices/LNXSYSTM:00/LNXPWRBN:00/input/input0
[    3.906548] ACPI: Power Button [PWRF]
[    3.910708] input: Sleep Button as /devices/LNXSYSTM:00/LNXSLPBN:00/input/input1
[    3.916419] ACPI: Sleep Button [SLPF]
[    3.922909] GHES: HEST is not enabled!
[    3.923702] ACPI: Battery Slot [BAT0] (battery present)
[    3.933929] Serial: 8250/16550 driver, 32 ports, IRQ sharing enabled
[    3.958730] 00:02: ttyS0 at I/O 0x3f8 (irq = 4, base_baud = 115200) is a 16550A
[    3.967637] Linux agpgart interface v0.103
[    3.971485] loop: module loaded
[    3.983219] scsi host0: ata_piix
[    3.985274] scsi host1: ata_piix
[    3.985953] ata1: PATA max UDMA/33 cmd 0x1f0 ctl 0x3f6 bmdma 0xd000 irq 14
[    3.997594] ata2: PATA max UDMA/33 cmd 0x170 ctl 0x376 bmdma 0xd008 irq 15
[    4.001714] libphy: Fixed MDIO Bus: probed
[    4.003526] tun: Universal TUN/TAP device driver, 1.6
[    4.005457] tun: (C) 1999-2004 Max Krasnyansky <maxk@qualcomm.com>
[    4.016837] PPP generic driver version 2.4.2
[    4.017710] ehci_hcd: USB 2.0 'Enhanced' Host Controller (EHCI) Driver
[    4.021644] ehci-pci: EHCI PCI platform driver
[    4.030337] ehci-platform: EHCI generic platform driver
[    4.031201] ohci_hcd: USB 1.1 'Open' Host Controller (OHCI) Driver
[    4.033345] ohci-pci: OHCI PCI platform driver
[    4.034151] ohci-platform: OHCI generic platform driver
[    4.035010] uhci_hcd: USB Universal Host Controller Interface driver
[    4.036057] i8042: PNP: PS/2 Controller [PNP0303:PS2K,PNP0f03:PS2M] at 0x60,0x64 irq 1,12
[    4.038004] serio: i8042 KBD port at 0x60,0x64 irq 1
[    4.044170] serio: i8042 AUX port at 0x60,0x64 irq 12
[    4.050941] mousedev: PS/2 mouse device common for all mice
[    4.053399] input: AT Translated Set 2 keyboard as /devices/platform/i8042/serio0/input/input2
[    4.060279] rtc_cmos rtc_cmos: rtc core: registered rtc_cmos as rtc0
[    4.073033] rtc_cmos rtc_cmos: alarms up to one day, 114 bytes nvram
[    4.117791] i2c /dev entries driver
[    4.152566] device-mapper: uevent: version 1.0.3
[    4.169678] device-mapper: ioctl: 4.34.0-ioctl (2015-10-28) initialised: dm-devel@redhat.com
[    4.223318] ledtrig-cpu: registered to indicate activity on CPUs
[    4.224771] NET: Registered protocol family 10
[    4.232906] NET: Registered protocol family 17
[    4.241207] Key type dns_resolver registered
[    4.242339] microcode: CPU0 sig=0x306d4, pf=0x40, revision=0x0
[    4.246214] microcode: CPU1 sig=0x306d4, pf=0x40, revision=0x0
[    4.247314] microcode: Microcode Update Driver: v2.01 <tigran@aivazian.fsnet.co.uk>, Peter Oruba
[    4.249238] registered taskstats version 1
[    4.252599] Loading compiled-in X.509 certificates
[    ..254478] Loaded X.509 cert 'Build time autogenerated kernel key: b1a6ea8776bed2812c00d8a799f968274ef48628'
[    4.313758] zswap: loaded using pool lzo/zbud
[    4.346950] Key type trusted registered
[    4.366749] Key type encrypted registered
[    4.452440] AppArmor: AppArmor sha1 policy hashing enabled
[    4.462827] ima: No TPM chip found, activating TPM-bypass!
[    4.491856] evm: HMAC attrs: 0x1
[    4.503432]   Magic number: 1:618:789
[    4.505592] rtc_cmos rtc_cmos: setting system clock to 2017-09-25 14:46:06 UTC (1506350766)
[    4.779616] tsc: Refined TSC clocksource calibration: 2396.960 MHz
[    4.779619] clocksource: tsc: mask: 0xffffffffffffffff max_cycles: 0x228cff6f62d, max_idle_ns: 440795205951 ns
[    4.807452] BIOS EDD facility v0.16 2004-Jun-25, 0 devices found
[    4.814083] EDD information not available.
[    4.831374] Freeing unused kernel memory: 1492K
[    4.844157] Write protecting the kernel read-only data: 14336k
[    4.847221] Freeing unused kernel memory: 1748K
[    4.848693] Freeing unused kernel memory: 112K
Loading, please wait...
starting version[    4.866039] random: systemd-udevd: uninitialized urandom read (16 bytes read, 3 bits of entropy available)
 229
[    4.866446] random: udevadm: uninitialized urandom read (16 bytes read, 3 bits of entropy available)
[    4.866485] random: udevadm: uninitialized urandom read (16 bytes read, 3 bits of entropy available)
[    4.866591] random: udevadm: uninitialized urandom read (16 bytes read, 3 bits of entropy available)
[    4.866629] random: udevadm: uninitialized urandom read (16 bytes read, 3 bits of entropy available)
[    4.866664] random: udevadm: uninitialized urandom read (16 bytes read, 3 bits of entropy available)
[    4.866706] random: udevadm: uninitialized urandom read (16 bytes read, 3 bits of entropy available)
[    4.866740] random: udevadm: uninitialized urandom read (16 bytes read, 3 bits of entropy available)
[    4.866801] random: udevadm: uninitialized urandom read (16 bytes read, 3 bits of entropy available)
[    4.866855] random: udevadm: uninitialized urandom read (16 bytes read, 3 bits of entropy available)
[    4.979768] e1000: Intel(R) PRO/1000 Network Driver - version 7.3.21-k8-NAPI
[    4.991741] e1000: Copyright (c) 1999-2006 Intel Corporation.
[    5.301190] Fusion MPT base driver 3.04.20
[    5.320736] Copyright (c) 1999-2008 LSI Corporation
[    5.365079] AVX version of gcm_enc/dec engaged.
[    5.375208] AES CTR mode by8 optimization enabled
[    5.407311] Fusion MPT SPI Host driver 3.04.20
[    5.630799] input: ImExPS/2 Generic Explorer Mouse as /devices/platform/i8042/serio1/input/input4
[    5.704259] e1000 0000:00:03.0 eth0: (PCI:33MHz:32-bit) 02:42:5d:6e:03:5a
[    5.749504] e1000 0000:00:03.0 eth0: Intel(R) PRO/1000 Network Connection
[    5.837848] mptbase: ioc0: Initiating bringup
[    5.948875] ioc0: LSI53C1030 A0: Capabilities={Initiator}
[    6.113815] scsi host2: ioc0: LSI53C1030 A0, FwRev=00000000h, Ports=1, MaxQ=256, IRQ=20
[    6.238325] scsi 2:0:0:0: Direct-Access     VBOX     HARDDISK         1.0  PQ: 0 ANSI: 5
[    6.301884] scsi target2:0:0: Beginning Domain Validation
[    6.321868] scsi target2:0:0: Domain Validation skipping write tests
[    6.325004] scsi target2:0:0: Ending Domain Validation
[    6.325873] scsi target2:0:0: asynchronous
[    6.336742] scsi 2:0:1:0: Direct-Access     VBOX     HARDDISK         1.0  PQ: 0 ANSI: 5
[    6.357192] scsi target2:0:1: Beginning Domain Validation
[    6.369648] scsi target2:0:1: Domain Validation skipping write tests
[    6.372782] scsi target2:0:1: Ending Domain Validation
[    6.373649] scsi target2:0:1: asynchronous
[    6.385127] sd 2:0:0:0: Attached scsi generic sg0 type 0
[    6.385385] sd 2:0:0:0: [sda] 20971520 512-byte logical blocks: (10.7 GB/10.0 GiB)
[    6.385496] sd 2:0:0:0: [sda] Write Protect is off
[    6.385569] sd 2:0:0:0: [sda] Incomplete mode parameter data
[    6.385569] sd 2:0:0:0: [sda] Assuming drive cache: write through
[    6.397748] sd 2:0:1:0: Attached scsi generic sg1 type 0
[    6.398880] sd 2:0:1:0: [sdb] 20480 512-byte logical blocks: (10.5 MB/10.0 MiB)
[    6.399006] sd 2:0:1:0: [sdb] Write Protect is off
[    6.399119] sd 2:0:1:0: [sdb] Incomplete mode parameter data
[    6.399120] sd 2:0:1:0: [sdb] Assuming drive cache: write through
[    6.425780]  sda: sda1
[    6.435029] sd 2:0:0:0: [sda] Attached SCSI disk
[    6.469713] sd 2:0:1:0: [sdb] Attached SCSI disk
[    6.609629] e1000 0000:00:08.0 eth1: (PCI:33MHz:32-bit) 08:00:27:34:49:0d
[    6.623367] e1000 0000:00:08.0 eth1: Intel(R) PRO/1000 Network Connection
[    6.631190] e1000 0000:00:03.0 enp0s3: renamed from eth0
[    6.644673] e1000 0000:00:08.0 enp0s8: renamed from eth1
[    8.004992] floppy0: no floppy controllers found
Begin: Loading essential drivers[    9.355100] md: linear personality registered for level -1
 ... [    9.361248] md: multipath personality registered for level -4
[    9.366106] md: raid0 personality registered for level 0
[    9.376955] md: raid1 personality registered for level 1
[    9.452657] raid6: sse2x1   gen()  8274 MB/s
[    9.524543] raid6: sse2x1   xor()  6628 MB/s
[    9.604609] raid6: sse2x2   gen()  7864 MB/s
[    9.680568] raid6: sse2x2   xor()  6484 MB/s
[    9.772585] raid6: sse2x4   gen() 11129 MB/s
[    9.868591] raid6: sse2x4   xor()  6594 MB/s
[    9.883661] raid6: using algorithm sse2x4 gen() 11129 MB/s
[    9.884441] raid6: .... xor() 6594 MB/s, rmw enabled
[    9.885180] raid6: using ssse3x2 recovery algorithm
[    9.888759] xor: automatically using best checksumming function:
[    9.956836]    avx       : 28293.000 MB/sec
[   10.010446] async_tx: api initialized (async)
[   10.018811] md: raid6 personality registered for level 6
[   10.072590] md: raid5 personality registered for level 5
[   10.073361] md: raid4 personality registered for level 4
[   10.078999] md: raid10 personality registered for level 10
done.
Begin: Running /scripts/init-premount ... done.
Begin: Mounting root file system ... Begin: Running /scripts/local-top ... done.
Begin: Running /scripts/local-premount ... [   10.113859] Btrfs loaded
Scanning for Btrfs filesystems
done.
Warning: fsck not present, so skipping root file system
[   10.212315] EXT4-fs (sda1): mounted filesystem with ordered data mode. Opts: (null)
done.
Begin: Running /scripts/local-bottom ... done.
Begin: Running /scripts/init-bottom ... done.
[   10.857783] systemd[1]: systemd 229 running in system mode. (+PAM +AUDIT +SELINUX +IMA +APPARMOR +SMACK +SYSVINIT +UTMP +LIBCRYPTSETUP +GCRYPT +GNUTLS +ACL +XZ -LZ4 +SECCOMP +BLKID +ELFUTILS +KMOD -IDN)
[   10.874764] systemd[1]: Detected virtualization oracle.
[   10.875590] systemd[1]: Detected architecture x86-64.

Welcome to [1mUbuntu 16.04.3 LTS[0m!

[   10.900013] systemd[1]: Set hostname to <ubuntu>.
[   10.913004] systemd[1]: Initializing machine ID from random generator.
[   10.962704] systemd[1]: Installed transient /etc/machine-id file.
[   11.073561] random: nonblocking pool is initialized
[   11.631139] systemd[1]: Listening on Syslog Socket.
[[0;32m  OK  [0m] Listening on Syslog Socket.
[   11.705401] systemd[1]: Listening on udev Kernel Socket.
[[0;32m  OK  [0m] Listening on udev Kernel Socket.
[   11.720047] systemd[1]: Reached target Encrypted Volumes.
[[0;32m  OK  [0m] Reached target Encrypted Volumes.
[   11.721944] systemd[1]: Set up automount Arbitrary Executable File Formats File System Automount Point.
[[0;32m  OK  [0m] Set up automount Arbitrary Executab...ats File System Automount Point.
[   11.228103] systemd[1]: Listening on /dev/initctl Compatibility Named Pipe.
[[0;32m  OK  [0m] Listening on /dev/initctl Compatibility Named Pipe.
[   11.863896] systemd[1]: Listening on LVM2 metadata daemon socket.
[[0;32m  OK  [0m] Listening on LVM2 metadata daemon socket.
[   11.900873] systemd[1]: Listening on udev Control Socket.
[[0;32m  OK  [0m] Listening on udev Control Socket.
[   11.996897] systemd[1]: Listening on Journal Socket.
[[0;32m  OK  [0m] Listening on Journal Socket.
[   12.062125] systemd[1]: Created slice User and Session Slice.
[[0;32m  OK  [0m] Created slice User and Session Slice.
[   12.085797] systemd[1]: Reached target User and Group Name Lookups.
[[0;32m  OK  [0m] Reached target User and Group Name Lookups.
[   12.134781] systemd[1]: Started Forward Password Requests to Wall Directory Watch.
[[0;32m  OK  [0m] Started Forward Password Requests to Wall Directory Watch.
[   12.144456] systemd[1]: Started Trigger resolvconf update for networkd DNS.
[[0;32m  OK  [0m] Started Trigger resolvconf update for networkd DNS.
[   12.148975] systemd[1]: Listening on Journal Audit Socket.
[[0;32m  OK  [0m] Listening on Journal Audit Socket.
[   12.153920] systemd[1]: Reached target Swap.
[[0;32m  OK  [0m] Reached target Swap.
[   12.180811] systemd[1]: Listening on Device-mapper event daemon FIFOs.
[[0;32m  OK  [0m] Listening on Device-mapper event daemon FIFOs.
[   12.193305] systemd[1]: Listening on LVM2 poll daemon socket.
[[0;32m  OK  [0m] Listening on LVM2 poll daemon socket.
[   12.215661] systemd[1]: Listening on Journal Socket (/dev/log).
[[0;32m  OK  [0m] Listening on Journal Socket (/dev/log).
[   12.243506] systemd[1]: Created slice System Slice.
[[0;32m  OK  [0m] Created slice System Slice.
[   12.260805] systemd[1]: Starting Monitoring of LVM2 mirrors, snapshots etc. using dmeventd or progress polling...
         Starting Monitoring of LVM2 mirrors... dmeventd or progress polling...
[   12.305619] systemd[1]: Starting Create list of required static device nodes for the current kernel...
         Starting Create list of required st... nodes for the current kernel...
[   12.464844] systemd[1]: Starting Journal Service...
         Starting Journal Service...
[   12.476976] systemd[1]: Created slice system-serial\x2dgetty.slice.
[[0;32m  OK  [0m] Created slice system-serial\x2dgetty.slice.
[   12.560778] systemd[1]: Starting Remount Root and Kernel File Systems...
[   12.580811] EXT4-fs (sda1): re-mounted. Opts: (null)
         Starting Remount Root and Kernel File Systems...
[   12.652904] systemd[1]: Starting Set console keymap...
         Starting Set console keymap...
[   12.664564] systemd[1]: Starting Uncomplicated firewall...
         Starting Uncomplicated firewall...
[   12.736677] systemd[1]: Reached target Slices.
[[0;32m  OK  [0m] Reached target Slices.
[   12.760791] systemd[1]: Mounting Huge Pages File System...
         Mounting Huge Pages File System...
[   12.843343] systemd[1]: Starting Nameserver information manager...
         Starting Nameserver information manager...
[   12.888712] systemd[1]: Mounting POSIX Message Queue File System...
         Mounting POSIX Message Queue File System...
[   12.923704] systemd[1]: Mounting Debug File System...
         Mounting Debug File System...
[   12.976164] systemd[1]: Starting Load Kernel Modules...
         Starting Load Kernel Modules...
[   12.985972] systemd[1]: Mounted Debug File System.
[[0;32m  OK  [0m] Mounted Debug File System.
[   13.014200] systemd[1]: Mounted Huge Pages File System.
[[0;32m  OK  [0m] Mounted Huge Pages File Syst[   13.015924] Loading iSCSI transport class v2.0-870.
em.
[   13.018955] systemd[1]: Mounted POSIX Message Queue File System.
[[0;32m  OK  [0m] Mounted POSIX Message Queue [   13.058928] iscsi: registered transport (tcp)
File System.
[   13.077211] systemd[1]: Started Journal Service.
[[0;32m  OK  [0m] Started Journal Service.
[[0;32m  OK  [0m] Started Create list of required sta...ce nodes for the current kernel.
[[0;32m  OK  [[   13.150894] iscsi: registered transport (iser)
0m] Started Remount Root and Kernel File Systems.
[[0;32m  OK  [0m] Started Set console keymap.
[[0;32m  OK  [0m] Started Uncomplicated firewall.
[[0;32m  OK  [0m] Started Load Kernel Modules.
[[0;32m  OK  [0m] Started LVM2 metadata daemon.
         Mounting FUSE Control File System...
         Starting Apply Kernel Variables...
         Starting udev Coldplug all Devices...
         Starting Initial cloud-init job (pre-networking)...
         Starting Load/Save Random Seed...
         Starting Create Static Device Nodes in /dev...
         Starting Flush Journal to Persistent Storage...
[[0;32m  OK  [0m] Mounted FUSE Control File System.
[[0;32m  OK  [0m] Started Nameserver information manager.
[[0;32m  OK  [0m] Started Apply Kernel Variables.
[[0;32m  OK  [0m] Started Load/Save Random Seed.
[[0;32m  OK  [0m] Started udev Coldplug all Devices.
[[0;32m  OK  [0m] Started Flush Journal to Persistent Storage.
[[0;32m  OK  [0m] Started Monitoring of LVM2 mirrors,...ng dmeventd or progress polling.
[[0;32m  OK  [0m] Started Create Static Device Nodes in /dev.
         Starting udev Kernel Device Manager...
[[0;32m  OK  [0m] Started udev Kernel Device Manager.
[[0;32m  OK  [0m] Reached target Local File Systems (Pre).
[[0;32m  OK  [0m] Reached target Local File Systems.
         Starting Commit a transient machine-id on disk...
         Starting Set console font and keymap...
         Starting Create Volatile Files and Directories...
         Starting Tell Plymouth To Write Out Runtime Data...
         Starting LSB: AppArmor initialization...
[[0;32m  OK  [0m] Started Dispatch Password Requests to Console Directory Watch.
[[0;32m  OK  [0m] Started Commit a transient machine-id on disk.
[[0;32m  OK  [0m] Started Create Volatile Files and Directories.
         Starting Update UTMP about System Boot/Shutdown...
[[0;32m  OK  [0m] Reached target System Time Synchronized.
[[0;32m  OK  [0m] Started Tell Plymouth To Write Out Runtime Data.
[[0;32m  OK  [0m] Found device /dev/ttyS0.
[[0;32m  OK  [0m] Started Update UTMP about System Boot/Shutdown.
[[0;32m  OK  [0m] Started Set console font and keymap.
[[0;32m  OK  [0m] Created slice system-getty.slice.
[[0;32m  OK  [0m] Listening on Load/Save RF Kill Switch Status /dev/rfkill Watch.
[[0;32m  OK  [0m] Started LSB: AppArmor initialization.
[   17.678528] cloud-init[432]: Cloud-init v. 0.7.9 running 'init-local' at Mon, 25 Sep 2017 14:46:20 +0000. Up 17.06 seconds.
[[0;32m  OK  [0m] Started Initial cloud-init job (pre-networking).
[[0;32m  OK  [0m] Reached target Network (Pre).
         Starting Raise network interfaces...
[[0;32m  OK  [0m] Started Raise network interfaces.
[[0;32m  OK  [0m] Reached target Network.
         Starting Initial cloud-init job (metadata service crawler)...
[   20.861472] cloud-init[943]: Cloud-init v. 0.7.9 running 'init' at Mon, 25 Sep 2017 14:46:22 +0000. Up 19.15 seconds.
[   20.869258] cloud-init[943]: ci-info: +++++++++++++++++++++++++++++++++++++Net device info++++++++++++++++++++++++++++++++++++++
[   20.881364] cloud-init[943]: ci-info: +--------+-------+---------------------------+---------------+-------+-------------------+
[   20.884262] cloud-init[943]: ci-info: | Device |   Up  |          Address          |      Mask     | Scope |     Hw-Address    |
[   20.887147] cloud-init[943]: ci-info: +--------+-------+---------------------------+---------------+-------+-------------------+
[   20.893187] cloud-init[943]: ci-info: |   lo   |  True |         127.0.0.1         |   255.0.0.0   |   .   |         .         |
[   20.900354] cloud-init[943]: ci-info: |   lo   |  True |          ::1/128          |       .       |  host |         .         |
[   20.909393] cloud-init[943]: ci-info: | enp0s8 | False |             .             |       .       |   .   | 08:00:27:34:49:0d |
[   20.940564] cloud-init[943]: ci-info: | enp0s3 |  True |         10.0.2.15         | 255.255.255.0 |   .   | 02:42:5d:6e:03:5a |
[   21.004483] cloud-init[943]: ci-info: | enp0s3 |  True | fe80::42:5dff:fe6e:35a/64 |       .       |  link | 02:42:5d:6e:03:5a |
[   21.004758] cloud-init[943]: ci-info: +--------+-------+---------------------------+---------------+-------+-------------------+
[[0;32m  OK  [0m] Started Initial cloud-init job (metadata service crawler).
[   21.004915] cloud-init[943]: ci-info: +++++++++++++++++++++++++++Route IPv4 info++++++++++++++++++++++++++++
[   21.035972] cloud-init[943]: ci-info: +-------+-------------+----------+---------------+-----------+-------+
[   21.037201] cloud-init[943]: ci-info: | Route | Destination | Gateway  |    Genmask    | Interface | Flags |
[   21.038428] cloud-init[943]: ci-info: +-------+-------------+----------+---------------+-----------+-------+
[   21.066873] cloud-init[943]: ci-info: |   0   |   0.0.0.0   | 10.0.2.2 |    0.0.0.0    |   enp0s3  |   UG  |
[   21.067228] cloud-init[943]: ci-info: |   1   |   10.0.2.0  | 0.0.0.0  | 255.255.255.0 |   enp0s3  |   U   |
[   21.067361] cloud-init[943]: ci-info: +-------+-------------+----------+---------------+-----------+-------+
[   21.067510] cloud-init[943]: Generating public/private rsa key pair.
[   21.067634] cloud-init[943]: Your identification has been saved in /etc/ssh/ssh_host_rsa_key.
[   21.067769] cloud-init[943]: Your public key has been saved in /etc/ssh/ssh_host_rsa_key.pub.
[   21.067899] cloud-init[943]: The key fingerprint is:
[   21.068047] cloud-init[943]: SHA256:Bx1Q6z6fki7bfbxyO63f7VO8htkmyNq+tsDAlKatuOM root@ubuntu-xenial
[   21.068144] cloud-init[943]: The key's randomart image is:
[   21.068257] cloud-init[943]: +---[RSA 2048]----+
[   21.068365] cloud-init[943]: |        .oo      |
[   21.068476] cloud-init[943]: |        .. o     |
[   21.068593] cloud-init[943]: |       +. o      |
[   21.068706] cloud-init[943]: |      *  o       |
[   21.068818] cloud-init[943]: |     . +S o    . |
[   21.068957] cloud-init[943]: |    . . oo      o|
[   21.069067] cloud-init[943]: |   . .   o+...+.o|
[   21.069181] cloud-init[943]: |   ..   ..=B.==*+|
[   21.069433] cloud-init[943]: |  .E.   .=***+BB*|
[   21.069633] cloud-init[943]: +----[SHA256]-----+
[   21.069746] cloud-init[943]: Generating public/private dsa key pair.
[   21.069863] cloud-init[943]: Your identification has been saved in /etc/ssh/ssh_host_dsa_key.
[   21.069973] cloud-init[943]: Your public key has been saved in /etc/ssh/ssh_host_dsa_key.pub.
[   21.070084] cloud-init[943]: The key fingerprint is:
[   21.070196] cloud-init[943]: SHA256:ZQcIdIXHq//ARkOI36IXOUDb7EBECX/uBK4AcJXeFUc root@ubuntu-xenial
[   21.070313] cloud-init[943]: The key's randomart image is:
[   21.070422] cloud-init[943]: +---[DSA 1024]----+
[   21.070535] cloud-init[943]: |. ..o*BooBE      |
[   21.070766] cloud-init[943]: |..  .+.*+oo.     |
[   21.070877] cloud-init[943]: |.  . .B.=.+..    |
[   21.070989] cloud-init[943]: | .  ...O *..     |
[   21.071100] cloud-init[943]: |  .   . S.+      |
[   21.071341] cloud-init[943]: |   . . +.* .     |
[   21.071449] cloud-init[943]: |    . . o.+      |
[   21.071561] cloud-init[943]: |       . ...     |
[   21.071674] cloud-init[943]: |           ..    |
[   21.071786] cloud-init[943]: +----[SHA256]-----+
[   21.071899] cloud-init[943]: Generating public/private ecdsa key pair.
[   21.072016] cloud-init[943]: Your identification has been saved in /etc/ssh/ssh_host_ecdsa_key.
[   21.072249] cloud-init[943]: Your public key has been saved in /etc/ssh/ssh_host_ecdsa_key.pub.
[[   21.072361] [0;32m  OK  [0mcloud-init] [943]: Reached target Network is Online.The key fingerprint is:

[   21.072647] cloud-init[943]: SHA256:n9YYe8e/wbls9vK7frrvhU3/T3aK9Tz+utPKocnYXlM root@ubuntu-xenial
[   21.455043] cloud-init[943]: The key's randomart image is:
[   21.476427] cloud-init[943]: +---[ECDSA 256]---+
[   21.476721] cloud-init[943]: |                 |
         Starting iSCSI initiator daemon (iscsid)...
[[   21.476866] cloud-init[943]: |                 |
[   21.502514] cloud-init[943]: |                 |
[   21.502627] cloud-init[943]: |                 |
[   21.502773] cloud-init[943]: |        S .     E|
[   21.502901] cloud-init[943]: |         . * ..=o|
[   21.503032] cloud-init[943]: |          * o O=B|
[   21.503168] cloud-init[943]: |         . = O+&O|
[   21.503294] cloud-init[943]: |          ..B &^^|
[   21.503432] cloud-init[943]: +----[SHA256]-----+
[   21.503556] cloud-init[943]: Generating public/private ed25519 key pair.
[   21.503686] cloud-init[943]: Your identification has been saved in /etc/ssh/ssh_host_ed25519_key.
[   21.503817] cloud-init[943]: Your public key has been saved in /etc/ssh/ssh_host_ed25519_key.pub.
[   21.503948] cloud-init[943]: The key fingerprint is:
[   21.504209] cloud-init[943]: SHA256:g7HjrMIOrdUQd2bKw9PsyUkj0+c4RGb4VfI6MXErzUs root@ubuntu-xenial
[   21.504338] cloud-init[943]: The key's randomart image is:
[   21.504466] cloud-init[943]: +--[ED25519 256]--+
[   21.504596] cloud-init[943]: |        o o      |
[   21.504728] cloud-init[943]: |     .   O .     |
[   21.504857] cloud-init[943]: |  . o O = E      |
[   21.505016] cloud-init[943]: |   = & = * .     |
[   21.505148] cloud-init[943]: |  . O % S .      |
[   21.505276] cloud-init[943]: | . o % O o       |
[   21.505413] cloud-init[943]: |..o . X .        |
[   21.505544] cloud-init[943]: | +o  . .         |
[   21.505922] cloud-init[943]: |.....            |
[   21.506205] cloud-init[943]: +----[SHA256]-----+
[0;32m  OK  [0m] Reached target System Initialization.
[[0;32m  OK  [0m] Started Timer to automatically fetch and run repair assertions.
[[0;32m  OK  [0m] Started Daily apt download activities.
[[0;32m  OK  [0m] Listening on D-Bus System Message Bus Socket.
[[0;32m  OK  [0m] Started Daily apt upgrade and clean activities.
[[0;32m  OK  [0m] Started Timer to automatically refresh installed snaps.
[[0;32m  OK  [0m] Listening on UUID daemon activation socket.
[[0;32m  OK  [0m] Started ACPI Events Check.
[[0;32m  OK  [0m] Reached target Paths.
         Starting LXD - unix socket.
         Starting Socket activation for snappy daemon.
[[0;32m  OK  [0m] Listening on ACPID Listen Socket.
[[0;32m  OK  [0m] Started Daily Cleanup of Temporary Directories.
[[0;32m  OK  [0m] Reached target Timers.
[[0;32m  OK  [0m] Reached target Cloud-config availability.
[[0;32m  OK  [0m] Listening on LXD - unix socket.
[[0;32m  OK  [0m] Listening on Socket activation for snappy daemon.
[[0;32m  OK  [0m] Reached target Sockets.
[[0;32m  OK  [0m] Reached target Basic System.
[[0;32m  OK  [0m] Started ACPI event daemon.
         Starting LSB: Record successful boot for GRUB...
         Starting LSB: MD monitoring daemon...
         Starting LXD - container startup/shutdown...
         Starting /etc/rc.local Compatibility...
         Starting Snappy daemon...
         Starting System Logging Service...
         Starting Accounts Service...
[[0;32m  OK  [0m] Started D-Bus System Message Bus.
         Starting Apply the settings specified in cloud-config...
         Starting Pollinate to seed the pseudo random number generator...
[[0;32m  OK  [0m] Started FUSE filesystem for LXC.
[[0;32m  OK  [0m] Started Regular background program processing daemon.
[[0;32m  OK  [0m] Started Unattended Upgrades Shutdown.
[[0;32m  OK  [0m] Started Deferred execution scheduler.
         Starting Login Service...
[[0;32m  OK  [0m] Started System Logging Service.
[[0;32m  OK  [0m] Started iSCSI initiator daemon (iscsid).
[[0;32m  OK  [0m] Started /etc/rc.local Compatibility.
         Starting Authenticate and Authorize Users to Run Privileged Tasks...
         Starting Login to default iSCSI targets...
[[0;32m  OK  [0m] Started LSB: Record successful boot for GRUB.
[[0;32m  OK  [0m] Started Login Service.
[[0;32m  OK  [0m] Started LSB: MD monitoring daemon.
[[0;32m  OK  [0m] Started Login to default iSCSI targets.
[[0;32m  OK  [0m] Reached target Remote File Systems (Pre).
[[0;32m  OK  [0m] Reached target Remote File Systems.
         Starting LSB: Set the CPU Frequency Scaling governor to "ondemand"...
         Starting LSB: automatic crash report generation...
         Starting LSB: daemon to balance interrupts for SMP systems...
         Starting Permit User Sessions...
         Starting LSB: VirtualBox Linux Additions...
[[0;32m  OK  [0m] Started Authenticate and Authorize Users to Run Privileged Tasks.
[[0;32m  OK  [0m] Started Permit User Sessions.
[[0;32m  OK  [0m] Started Accounts Service.
[[0;32m  OK  [0m] Started LSB: Set the CPU Frequency Scaling governor to "ondemand".
         Starting Hold until boot process finishes up...
         Starting Terminate Plymouth Boot Screen...
[[0;32m  OK  [0m] Started Hold until boot process finishes up.
[[0;32m  OK  [0m] Started Terminate Plymouth Boot Screen.
[   24.158284] cloud-init[1072]: Generating locales (this might take a while)...
[[0;32m  OK  [0m] Started Getty on tty1.
[[0;32m  OK  [0m] Started Serial Getty on ttyS0.
[[0;32m  OK  [0m] Reached target Login Prompts.
         Starting Set console scheme...
[[0;32m  OK  [0m] Started LSB: automatic crash report generation.
[[0;32m  OK  [0m] Started LSB: daemon to balance interrupts for SMP systems.
[[0;32m  OK  [0m] Started Set console scheme.
[[0;32m  OK  [0m] Started LSB: VirtualBox Linux Additions.
[[0;32m  OK  [0m] Started Snappy daemon.
         Starting Auto import assertions from block devices...
[[0;32m  OK  [0m] Started Auto import assertions from block devices.
[[0;32m  OK  [0m] Started LXD - container startup/shutdown.
[   26.773688] cloud-init[1072]:   en_US.UTF-8... done
[   26.816843] cloud-init[1072]: Generation complete.
[[0;32m  OK  [0m] Stopped OpenBSD Secure Shell server.
         Starting OpenBSD Secure Shell server...
[[0;32m  OK  [0m] Started OpenBSD Secure Shell server.
[[0;32m  OK  [0m] Created slice User Slice of ubuntu.
         Starting User Manager for UID 1000...
[[0;32m  OK  [0m] Started Session 1 of user ubuntu.
[[0;32m  OK  [0m] Started User Manager for UID 1000.
[[0;32m  OK  [0m] Started Pollinate to seed the pseudo random number generator.
[[0;32m  OK  [0m] Reached target Multi-User System.
[[0;32m  OK  [0m] Reached target Graphical Interface.
         Starting Update UTMP about System Runlevel Changes...
[[0;32m  OK  [0m] Started Update UTMP about System Runlevel Changes.
[   29.152665] cloud-init[1072]: Cloud-init v. 0.7.9 running 'modules:config' at Mon, 25 Sep 2017 14:46:26 +0000. Up 23.06 seconds.

Ubuntu 16.04.3 LTS ubuntu-xenial ttyS0

ubuntu-xenial login: ci-info: no authorized ssh keys fingerprints found for user ubuntu.
<14>Sep 25 14:46:33 ec2: 
<14>Sep 25 14:46:33 ec2: #############################################################
<14>Sep 25 14:46:33 ec2: -----BEGIN SSH HOST KEY FINGERPRINTS-----
<14>Sep 25 14:46:33 ec2: 1024 SHA256:ZQcIdIXHq//ARkOI36IXOUDb7EBECX/uBK4AcJXeFUc root@ubuntu-xenial (DSA)
<14>Sep 25 14:46:33 ec2: 256 SHA256:n9YYe8e/wbls9vK7frrvhU3/T3aK9Tz+utPKocnYXlM root@ubuntu-xenial (ECDSA)
<14>Sep 25 14:46:33 ec2: 256 SHA256:g7HjrMIOrdUQd2bKw9PsyUkj0+c4RGb4VfI6MXErzUs root@ubuntu-xenial (ED25519)
<14>Sep 25 14:46:33 ec2: 2048 SHA256:Bx1Q6z6fki7bfbxyO63f7VO8htkmyNq+tsDAlKatuOM root@ubuntu-xenial (RSA)
<14>Sep 25 14:46:33 ec2: -----END SSH HOST KEY FINGERPRINTS-----
<14>Sep 25 14:46:33 ec2: #############################################################
-----BEGIN SSH HOST KEY KEYS-----
ecdsa-sha2-nistp256 AAAAE2VjZHNhLXNoYTItbmlzdHAyNTYAAAAIbmlzdHAyNTYAAABBBP7tJzRDe9S8OgYFJmW+dywz3RHKSkjT/7/ZlbMpI2Lu/Rgs7yz7SVtlB9jgS1oPMmKAHwDXvOI9dHdTWGKKnAI= root@ubuntu-xenial
ssh-ed25519 AAAAC3NzaC1lZDI1NTE5AAAAIL8kjD+tiN/ZcaP/8ZBK0JudCjBfnOoQrsnOc3W8wtUS root@ubuntu-xenial
ssh-rsa AAAAB3NzaC1yc2EAAAADAQABAAABAQDQ2mIrqF7D5UKe2xB8BPdEazFbBCbbSClVWQZtm1Co4YIy0vQG6bBkx4fPiQ+5avUHsrco1Mk8WwGqQJImPWzrG+3NAiJTD8U6Fy/sXIlXpRHJiuL0tMOGi3aTpVBfls3PN5Fzw0mBF0WmsGDcJPPws08I+9CPhuU+9503kj0nU34uLWDITVbwI+yQiBf8YjIAPiw9LUEZWYBY6ctxGpj4RWnz3ASy6u3OWGc45+0ZkKv1VUofUyas32j7272w2eBDgyfkgs0kkQtLFzQ52p36TsQJmKr3EhhPZdB1iOMkst8bHyHroRt+ig//1XZSJ2N44sD6mzih0ZIWjon6g5pV root@ubuntu-xenial
-----END SSH HOST KEY KEYS-----
[   30.976800] cloud-init[1369]: Cloud-init v. 0.7.9 running 'modules:final' at Mon, 25 Sep 2017 14:46:33 +0000. Up 29.98 seconds.
[   30.985438] cloud-init[1369]: ci-info: no authorized ssh keys fingerprints found for user ubuntu.
[   30.992415] cloud-init[1369]: Cloud-init v. 0.7.9 finished at Mon, 25 Sep 2017 14:46:33 +0000. Datasource DataSourceNoCloud [seed=/dev/sdb][dsmode=net].  Up 30.94 seconds
